{"/Users/jusheen/Documents/Classes/Hack Reactor/fec/recommended-products/client/src/index.jsx": {"path":"/Users/jusheen/Documents/Classes/Hack Reactor/fec/recommended-products/client/src/index.jsx","statementMap":{"0":{"start":{"line":1,"column":0},"end":{"line":null,"column":-1}},"1":{"start":{"line":2,"column":0},"end":{"line":null,"column":-1}},"2":{"start":{"line":3,"column":0},"end":{"line":null,"column":-1}},"3":{"start":{"line":5,"column":0},"end":{"line":null,"column":-1}}},"fnMap":{},"branchMap":{},"s":{"0":0,"1":0,"2":0,"3":0},"f":{},"b":{}}
,"/Users/jusheen/Documents/Classes/Hack Reactor/fec/recommended-products/client/src/components/app.jsx": {"path":"/Users/jusheen/Documents/Classes/Hack Reactor/fec/recommended-products/client/src/components/app.jsx","statementMap":{"0":{"start":{"line":1,"column":0},"end":{"line":null,"column":-1}},"1":{"start":{"line":2,"column":0},"end":{"line":null,"column":-1}},"2":{"start":{"line":3,"column":0},"end":{"line":null,"column":-1}},"3":{"start":{"line":4,"column":14},"end":{"line":4,"column":0}},"4":{"start":{"line":7,"column":21},"end":{"line":null,"column":-1}},"5":{"start":{"line":8,"column":4},"end":{"line":null,"column":-1}},"6":{"start":{"line":9,"column":4},"end":{"line":null,"column":-1}},"7":{"start":{"line":12,"column":4},"end":{"line":null,"column":-1}},"8":{"start":{"line":16,"column":4},"end":{"line":null,"column":-1}},"9":{"start":{"line":19,"column":18},"end":{"line":null,"column":-1}},"10":{"start":{"line":20,"column":4},"end":{"line":null,"column":-1}},"11":{"start":{"line":21,"column":23},"end":{"line":null,"column":-1}},"12":{"start":{"line":26,"column":4},"end":{"line":null,"column":-1}}},"fnMap":{"0":{"name":"App","decl":{"start":{"line":7,"column":2},"end":{"line":7,"column":13}},"loc":{"start":{"line":7,"column":21},"end":{"line":13,"column":3}}},"1":{"name":"(anonymous_22)","decl":{"start":{"line":21,"column":12},"end":{"line":21,"column":12}},"loc":{"start":{"line":21,"column":22},"end":{"line":20,"column":4}}}},"branchMap":{},"s":{"0":0,"1":0,"2":0,"3":0,"4":0,"5":0,"6":0,"7":0,"8":0,"9":0,"10":0,"11":0,"12":0},"f":{"0":0,"1":0},"b":{}}
,"/Users/jusheen/Documents/Classes/Hack Reactor/fec/recommended-products/client/src/components/recommendedProducts.jsx": {"path":"/Users/jusheen/Documents/Classes/Hack Reactor/fec/recommended-products/client/src/components/recommendedProducts.jsx","statementMap":{"0":{"start":{"line":1,"column":0},"end":{"line":null,"column":-1}},"1":{"start":{"line":2,"column":0},"end":{"line":null,"column":-1}},"2":{"start":{"line":4,"column":26},"end":{"line":4,"column":0}},"3":{"start":{"line":4,"column":26},"end":{"line":null,"column":-1}},"4":{"start":{"line":7,"column":6},"end":{"line":null,"column":-1}}},"fnMap":{"0":{"name":"RecommendedProducts","decl":{"start":{"line":4,"column":4},"end":{"line":4,"column":26}},"loc":{"start":{"line":4,"column":26},"end":{"line":4,"column":0}}},"1":{"name":"(anonymous_2)","decl":{"start":{"line":6,"column":39},"end":{"line":6,"column":39}},"loc":{"start":{"line":6,"column":52},"end":{"line":6,"column":5}}}},"branchMap":{},"s":{"0":0,"1":0,"2":0,"3":0,"4":0},"f":{"0":0,"1":0},"b":{}}
}
