TN:
SF:/Users/jusheen/Documents/Classes/Hack Reactor/fec/recommended-products/client/src/index.jsx
FNF:0
FNH:0
DA:1,0
DA:2,0
DA:3,0
DA:5,0
LF:4
LH:0
BRF:0
BRH:0
end_of_record
TN:
SF:/Users/jusheen/Documents/Classes/Hack Reactor/fec/recommended-products/client/src/components/app.jsx
FN:7,App
FN:21,(anonymous_22)
FNF:2
FNH:0
FNDA:0,App
FNDA:0,(anonymous_22)
DA:1,0
DA:2,0
DA:3,0
DA:4,0
DA:7,0
DA:8,0
DA:9,0
DA:12,0
DA:16,0
DA:19,0
DA:20,0
DA:21,0
DA:26,0
LF:13
LH:0
BRF:0
BRH:0
end_of_record
TN:
SF:/Users/jusheen/Documents/Classes/Hack Reactor/fec/recommended-products/client/src/components/recommendedProducts.jsx
FN:4,RecommendedProducts
FN:6,(anonymous_2)
FNF:2
FNH:0
FNDA:0,RecommendedProducts
FNDA:0,(anonymous_2)
DA:1,0
DA:2,0
DA:4,0
DA:7,0
LF:4
LH:0
BRF:0
BRH:0
end_of_record
